Performing C SOURCE FILE Test CMAKE_HAVE_LIBC_PTHREAD failed with the following output:
Change Dir: /home/maxim/proga/6sem/opengl/rays/cmake-build-debug/CMakeFiles/CMakeTmp

Run Build Command(s):/usr/bin/make cmTC_ea34b/fast && /usr/bin/make -f CMakeFiles/cmTC_ea34b.dir/build.make CMakeFiles/cmTC_ea34b.dir/build
make[1]: вход в каталог «/home/maxim/proga/6sem/opengl/rays/cmake-build-debug/CMakeFiles/CMakeTmp»
Building C object CMakeFiles/cmTC_ea34b.dir/src.c.o
/usr/bin/cc   -DCMAKE_HAVE_LIBC_PTHREAD   -o CMakeFiles/cmTC_ea34b.dir/src.c.o   -c /home/maxim/proga/6sem/opengl/rays/cmake-build-debug/CMakeFiles/CMakeTmp/src.c
Linking C executable cmTC_ea34b
/home/maxim/proga/progi/CLion-2019.3.4/clion-2019.3.4/bin/cmake/linux/bin/cmake -E cmake_link_script CMakeFiles/cmTC_ea34b.dir/link.txt --verbose=1
/usr/bin/cc  -DCMAKE_HAVE_LIBC_PTHREAD    -rdynamic CMakeFiles/cmTC_ea34b.dir/src.c.o  -o cmTC_ea34b 
CMakeFiles/cmTC_ea34b.dir/src.c.o: In function `main':
src.c:(.text+0x3e): undefined reference to `pthread_create'
src.c:(.text+0x4a): undefined reference to `pthread_detach'
src.c:(.text+0x5b): undefined reference to `pthread_join'
src.c:(.text+0x6f): undefined reference to `pthread_atfork'
collect2: error: ld returned 1 exit status
CMakeFiles/cmTC_ea34b.dir/build.make:86: recipe for target 'cmTC_ea34b' failed
make[1]: *** [cmTC_ea34b] Error 1
make[1]: выход из каталога «/home/maxim/proga/6sem/opengl/rays/cmake-build-debug/CMakeFiles/CMakeTmp»
Makefile:121: recipe for target 'cmTC_ea34b/fast' failed
make: *** [cmTC_ea34b/fast] Error 2


Source file was:
#include <pthread.h>

void* test_func(void* data)
{
  return data;
}

int main(void)
{
  pthread_t thread;
  pthread_create(&thread, NULL, test_func, NULL);
  pthread_detach(thread);
  pthread_join(thread, NULL);
  pthread_atfork(NULL, NULL, NULL);
  pthread_exit(NULL);

  return 0;
}

Determining if the function pthread_create exists in the pthreads failed with the following output:
Change Dir: /home/maxim/proga/6sem/opengl/rays/cmake-build-debug/CMakeFiles/CMakeTmp

Run Build Command(s):/usr/bin/make cmTC_4530c/fast && /usr/bin/make -f CMakeFiles/cmTC_4530c.dir/build.make CMakeFiles/cmTC_4530c.dir/build
make[1]: вход в каталог «/home/maxim/proga/6sem/opengl/rays/cmake-build-debug/CMakeFiles/CMakeTmp»
Building C object CMakeFiles/cmTC_4530c.dir/CheckFunctionExists.c.o
/usr/bin/cc   -DCHECK_FUNCTION_EXISTS=pthread_create   -o CMakeFiles/cmTC_4530c.dir/CheckFunctionExists.c.o   -c /home/maxim/proga/progi/CLion-2019.3.4/clion-2019.3.4/bin/cmake/linux/share/cmake-3.15/Modules/CheckFunctionExists.c
Linking C executable cmTC_4530c
/home/maxim/proga/progi/CLion-2019.3.4/clion-2019.3.4/bin/cmake/linux/bin/cmake -E cmake_link_script CMakeFiles/cmTC_4530c.dir/link.txt --verbose=1
/usr/bin/cc  -DCHECK_FUNCTION_EXISTS=pthread_create    -rdynamic CMakeFiles/cmTC_4530c.dir/CheckFunctionExists.c.o  -o cmTC_4530c -lpthreads 
/usr/bin/ld: cannot find -lpthreads
collect2: error: ld returned 1 exit status
CMakeFiles/cmTC_4530c.dir/build.make:86: recipe for target 'cmTC_4530c' failed
make[1]: *** [cmTC_4530c] Error 1
make[1]: выход из каталога «/home/maxim/proga/6sem/opengl/rays/cmake-build-debug/CMakeFiles/CMakeTmp»
Makefile:121: recipe for target 'cmTC_4530c/fast' failed
make: *** [cmTC_4530c/fast] Error 2



Performing C++ SOURCE FILE Test flag_supported failed with the following output:
Change Dir: /home/maxim/proga/6sem/opengl/rays/cmake-build-debug/CMakeFiles/CMakeTmp

Run Build Command(s):/usr/bin/make cmTC_241ed/fast && /usr/bin/make -f CMakeFiles/cmTC_241ed.dir/build.make CMakeFiles/cmTC_241ed.dir/build
make[1]: Entering directory '/home/maxim/proga/6sem/opengl/rays/cmake-build-debug/CMakeFiles/CMakeTmp'
Building CXX object CMakeFiles/cmTC_241ed.dir/src.cxx.o
/usr/bin/c++    -Dflag_supported   -O1d -std=gnu++1z -o CMakeFiles/cmTC_241ed.dir/src.cxx.o -c /home/maxim/proga/6sem/opengl/rays/cmake-build-debug/CMakeFiles/CMakeTmp/src.cxx
cc1plus: error: argument to '-O' should be a non-negative integer, 'g', 's' or 'fast'
CMakeFiles/cmTC_241ed.dir/build.make:65: recipe for target 'CMakeFiles/cmTC_241ed.dir/src.cxx.o' failed
make[1]: *** [CMakeFiles/cmTC_241ed.dir/src.cxx.o] Error 1
make[1]: Leaving directory '/home/maxim/proga/6sem/opengl/rays/cmake-build-debug/CMakeFiles/CMakeTmp'
Makefile:121: recipe for target 'cmTC_241ed/fast' failed
make: *** [cmTC_241ed/fast] Error 2


Source file was:
int main() { return 0; }
